<?xml version="1.0" encoding="UTF-8"?>
<testsuite xmlns:xsi="http://www.w3.org/2001/XMLSchema-instance" xsi:schemaLocation="https://maven.apache.org/surefire/maven-surefire-plugin/xsd/surefire-test-report.xsd" name="com.medis.bdd.RunCukesTestAT" time="182.992" tests="45" errors="0" skipped="8" failures="2">
  <properties>
    <property name="java.runtime.name" value="Java(TM) SE Runtime Environment"/>
    <property name="sun.boot.library.path" value="/Library/Java/JavaVirtualMachines/jdk1.8.0_101.jdk/Contents/Home/jre/lib"/>
    <property name="java.vm.version" value="25.101-b13"/>
    <property name="gopherProxySet" value="false"/>
    <property name="java.vm.vendor" value="Oracle Corporation"/>
    <property name="maven.multiModuleProjectDirectory" value="/Users/MikeX/Automation/BDD-Automation-Infrastructure"/>
    <property name="java.vendor.url" value="http://java.oracle.com/"/>
    <property name="path.separator" value=":"/>
    <property name="guice.disable.misplaced.annotation.check" value="true"/>
    <property name="java.vm.name" value="Java HotSpot(TM) 64-Bit Server VM"/>
    <property name="file.encoding.pkg" value="sun.io"/>
    <property name="user.country" value="US"/>
    <property name="sun.java.launcher" value="SUN_STANDARD"/>
    <property name="sun.os.patch.level" value="unknown"/>
    <property name="java.vm.specification.name" value="Java Virtual Machine Specification"/>
    <property name="user.dir" value="/Users/MikeX/Automation/BDD-Automation-Infrastructure"/>
    <property name="java.runtime.version" value="1.8.0_101-b13"/>
    <property name="java.awt.graphicsenv" value="sun.awt.CGraphicsEnvironment"/>
    <property name="java.endorsed.dirs" value="/Library/Java/JavaVirtualMachines/jdk1.8.0_101.jdk/Contents/Home/jre/lib/endorsed"/>
    <property name="os.arch" value="x86_64"/>
    <property name="java.io.tmpdir" value="/var/folders/vp/gnr0pf291tb3b88wstw64dx80000gn/T/"/>
    <property name="line.separator" value="&#10;"/>
    <property name="java.vm.specification.vendor" value="Oracle Corporation"/>
    <property name="os.name" value="Mac OS X"/>
    <property name="classworlds.conf" value="/Users/Mikex/Downloads/apache-maven-3.3.9/bin/m2.conf"/>
    <property name="sun.jnu.encoding" value="UTF-8"/>
    <property name="java.library.path" value="/Users/MikeX/Library/Java/Extensions:/Library/Java/Extensions:/Network/Library/Java/Extensions:/System/Library/Java/Extensions:/usr/lib/java:."/>
    <property name="java.specification.name" value="Java Platform API Specification"/>
    <property name="java.class.version" value="52.0"/>
    <property name="sun.management.compiler" value="HotSpot 64-Bit Tiered Compilers"/>
    <property name="os.version" value="10.12"/>
    <property name="http.nonProxyHosts" value="local|*.local|169.254/16|*.169.254/16"/>
    <property name="user.home" value="/Users/MikeX"/>
    <property name="user.timezone" value="America/New_York"/>
    <property name="java.awt.printerjob" value="sun.lwawt.macosx.CPrinterJob"/>
    <property name="java.specification.version" value="1.8"/>
    <property name="file.encoding" value="UTF-8"/>
    <property name="user.name" value="MikeX"/>
    <property name="java.class.path" value="/Users/Mikex/Downloads/apache-maven-3.3.9/boot/plexus-classworlds-2.5.2.jar"/>
    <property name="java.vm.specification.version" value="1.8"/>
    <property name="sun.arch.data.model" value="64"/>
    <property name="java.home" value="/Library/Java/JavaVirtualMachines/jdk1.8.0_101.jdk/Contents/Home/jre"/>
    <property name="sun.java.command" value="org.codehaus.plexus.classworlds.launcher.Launcher test"/>
    <property name="java.specification.vendor" value="Oracle Corporation"/>
    <property name="user.language" value="en"/>
    <property name="awt.toolkit" value="sun.lwawt.macosx.LWCToolkit"/>
    <property name="java.vm.info" value="mixed mode"/>
    <property name="java.version" value="1.8.0_101"/>
    <property name="java.ext.dirs" value="/Users/MikeX/Library/Java/Extensions:/Library/Java/JavaVirtualMachines/jdk1.8.0_101.jdk/Contents/Home/jre/lib/ext:/Library/Java/Extensions:/Network/Library/Java/Extensions:/System/Library/Java/Extensions:/usr/lib/java"/>
    <property name="sun.boot.class.path" value="/Library/Java/JavaVirtualMachines/jdk1.8.0_101.jdk/Contents/Home/jre/lib/resources.jar:/Library/Java/JavaVirtualMachines/jdk1.8.0_101.jdk/Contents/Home/jre/lib/rt.jar:/Library/Java/JavaVirtualMachines/jdk1.8.0_101.jdk/Contents/Home/jre/lib/sunrsasign.jar:/Library/Java/JavaVirtualMachines/jdk1.8.0_101.jdk/Contents/Home/jre/lib/jsse.jar:/Library/Java/JavaVirtualMachines/jdk1.8.0_101.jdk/Contents/Home/jre/lib/jce.jar:/Library/Java/JavaVirtualMachines/jdk1.8.0_101.jdk/Contents/Home/jre/lib/charsets.jar:/Library/Java/JavaVirtualMachines/jdk1.8.0_101.jdk/Contents/Home/jre/lib/jfr.jar:/Library/Java/JavaVirtualMachines/jdk1.8.0_101.jdk/Contents/Home/jre/classes"/>
    <property name="java.vendor" value="Oracle Corporation"/>
    <property name="maven.home" value="/Users/Mikex/Downloads/apache-maven-3.3.9"/>
    <property name="file.separator" value="/"/>
    <property name="java.vendor.url.bug" value="http://bugreport.sun.com/bugreport/"/>
    <property name="sun.cpu.endian" value="little"/>
    <property name="sun.io.unicode.encoding" value="UnicodeBig"/>
    <property name="socksNonProxyHosts" value="local|*.local|169.254/16|*.169.254/16"/>
    <property name="ftp.nonProxyHosts" value="local|*.local|169.254/16|*.169.254/16"/>
    <property name="sun.cpu.isalist" value=""/>
  </properties>
  <testcase name="Given I am a new user on the registration page" classname="Scenario: Verify that registration is a successful" time="0.009"/>
  <testcase name="When I fill field with the following data" classname="Scenario: Verify that registration is a successful" time="0"/>
  <testcase name="And I click the submit button" classname="Scenario: Verify that registration is a successful" time="0"/>
  <testcase name="Then I should be registered successfully" classname="Scenario: Verify that registration is a successful" time="0"/>
  <testcase name="Scenario: Verify that registration is a successful" classname="Scenario: Verify that registration is a successful" time="0.198"/>
  <testcase name="Given I am a new user on the registration page" classname="Scenario: Invalid Registration Empty Field Message" time="0"/>
  <testcase name="When I leave field empty with no data" classname="Scenario: Invalid Registration Empty Field Message" time="0"/>
  <testcase name="And I click the submit button" classname="Scenario: Invalid Registration Empty Field Message" time="0"/>
  <testcase name="Then I should receive field required &quot;* This field is required&quot; message" classname="Scenario: Invalid Registration Empty Field Message" time="0"/>
  <testcase name="Scenario: Invalid Registration Empty Field Message" classname="Scenario: Invalid Registration Empty Field Message" time="0.167"/>
  <testcase name="Given I am a new user on the registration page" classname="Scenario: Invalid phone_number" time="0"/>
  <testcase name="When I enter 000-6786 in the phone_number input field" classname="Scenario: Invalid phone_number" time="0"/>
  <testcase name="And I click the submit button" classname="Scenario: Invalid phone_number" time="0"/>
  <testcase name="Then I should receive phone &quot;* Minimum 10 Digits starting with Country Code&quot; message" classname="Scenario: Invalid phone_number" time="0"/>
  <testcase name="Scenario: Invalid phone_number" classname="Scenario: Invalid phone_number" time="0.163"/>
  <testcase name="Given I am a new user on the registration page" classname="Scenario: Invalid E-mail" time="0"/>
  <testcase name="When I enter &quot;mikemedis@mikemedis&quot; in the e_mail input field" classname="Scenario: Invalid E-mail" time="0"/>
  <testcase name="And I click the submit button" classname="Scenario: Invalid E-mail" time="0"/>
  <testcase name="Then I should receive email &quot;* Invalid email address&quot;	 message" classname="Scenario: Invalid E-mail" time="0">
    <skipped/>
  </testcase>
  <testcase name="Scenario: Invalid E-mail" classname="Scenario: Invalid E-mail" time="0">
    <skipped/>
  </testcase>
  <testcase name="Scenario: Invalid E-mail" classname="Scenario: Invalid E-mail" time="0.204"/>
  <testcase name="Given I am a new user on the registration page" classname="Scenario: Invalid Password" time="0"/>
  <testcase name="When I enter &quot;passWod&quot; into the password input field" classname="Scenario: Invalid Password" time="0">
    <skipped/>
    <system-out><![CDATA[
  Background:                                      &amp#27;[90m# Registration.feature:5&amp#27;[0m
    &amp#27;[32mGiven &amp#27;[0m&amp#27;[32mI am a new user on the registration page&amp#27;[0m &amp#27;[90m# StepsDefinitions.i_am_a_new_user_on_the_registration_page()&amp#27;[0m
]]></system-out>
  </testcase>
  <testcase name="And I click the submit button" classname="Scenario: Invalid Password" time="0">
    <skipped/>
  </testcase>
  <testcase name="Then I should receive short password &quot;* Minimum 8 characters required&quot; message" classname="Scenario: Invalid Password" time="0">
    <skipped/>
  </testcase>
  <testcase name="Scenario: Invalid Password" classname="Scenario: Invalid Password" time="0">
    <skipped/>
  </testcase>
  <testcase name="Scenario: Invalid Password" classname="Scenario: Invalid Password" time="0.199"/>
  <testcase name="Given I am a new user on the registration page" classname="| pa$$word | tHis$isMyPa$$ |" time="0"/>
  <testcase name="When I enter &quot;pa$$word&quot; and &quot;tHis$isMyPa$$&quot;" classname="| pa$$word | tHis$isMyPa$$ |" time="0"/>
  <testcase name="And I click the submit button" classname="| pa$$word | tHis$isMyPa$$ |" time="0"/>
  <testcase name="Then I should receive mismatched passwords &quot;* Fields do not match&quot; message" classname="| pa$$word | tHis$isMyPa$$ |" time="0"/>
  <testcase name="| pa$$word | tHis$isMyPa$$ |" classname="| pa$$word | tHis$isMyPa$$ |" time="0.175"/>
  <testcase name="Given I am a new user on the registration page" classname="Scenario: Duplicate Username Error Message" time="0"/>
  <testcase name="Given a user has successfully registered with &quot;MMedis&quot; as a username" classname="Scenario: Duplicate Username Error Message" time="0"/>
  <testcase name="When I enter valid data on the page in each field" classname="Scenario: Duplicate Username Error Message" time="0"/>
  <testcase name="And I click the submit button" classname="Scenario: Duplicate Username Error Message" time="0"/>
  <testcase name="Then I should receive username message &quot;Error: Username already exists&quot;" classname="Scenario: Duplicate Username Error Message" time="0.014">
    <failure message="expected:&lt;[Error: Username already exists]&gt; but was:&lt;[]&gt;" type="junit.framework.ComparisonFailure"><![CDATA[junit.framework.ComparisonFailure: expected:<[Error: Username already exists]> but was:<[]>
]]></failure>
  </testcase>
  <testcase name="Scenario: Duplicate Username Error Message" classname="Scenario: Duplicate Username Error Message" time="0.014">
    <failure message="expected:&lt;[Error: Username already exists]&gt; but was:&lt;[]&gt;" type="junit.framework.ComparisonFailure"><![CDATA[junit.framework.ComparisonFailure: expected:<[Error: Username already exists]> but was:<[]>
]]></failure>
  </testcase>
  <testcase name="Given I am a new user on the registration page" classname="Scenario: Duplicate E-mail Error Message" time="0"/>
  <testcase name="Given a user has successfully registered with &quot;email@email.com&quot; as a E-mail" classname="Scenario: Duplicate E-mail Error Message" time="0"/>
  <testcase name="When I register with valid data on the page in each field" classname="Scenario: Duplicate E-mail Error Message" time="0"/>
  <testcase name="And I click the submit button" classname="Scenario: Duplicate E-mail Error Message" time="0"/>
  <testcase name="Then I should receive email message &quot;Error: E-mail address already exists&quot;" classname="Scenario: Duplicate E-mail Error Message" time="0">
    <skipped/>
  </testcase>
  <testcase name="Scenario: Duplicate E-mail Error Message" classname="Scenario: Duplicate E-mail Error Message" time="0">
    <skipped/>
  </testcase>
  <testcase name="Scenario: Duplicate E-mail Error Message" classname="Scenario: Duplicate E-mail Error Message" time="0.172"/>
</testsuite>